<?xml version="1.0" encoding="UTF-8" standalone="no"?><testsuite errors="1" failures="0" name="Editar información del candidato" skipped="0" tests="1" time="248.14" timestamp="2025-04-06 07:44:55"><testcase name="Editar la cédula del candidato Daniel Peña"><error message="Could not instantiate class org.openqa.selenium.chrome.ChromeDriver" type="net.thucydides.core.webdriver.DriverConfigurationError">Could not instantiate class org.openqa.selenium.chrome.ChromeDriver</error><system-err>Could not instantiate class org.openqa.selenium.chrome.ChromeDriver&#13;
co.com.screenplay.tasks.AbrirPagina.performAs(AbrirPagina.java:21)&#13;
co.com.screenplay.stepdefinitions.EditarCandidatoStepDefinitions.queElUsuarioIngresaALaPaginaPrincipal(EditarCandidatoStepDefinitions.java:27)&#13;
worker.org.gradle.process.internal.worker.GradleWorkerMain.run(GradleWorkerMain.java:69)&#13;
worker.org.gradle.process.internal.worker.GradleWorkerMain.main(GradleWorkerMain.java:74)&#13;
</system-err></testcase></testsuite>